Change Component Designator: OldDesignator=C7 NewDesignator=C10
Change Component Designator: OldDesignator=C8 NewDesignator=C11
Change Component Designator: OldDesignator=C9 NewDesignator=C12
Change Component Designator: OldDesignator=C10 NewDesignator=C13
Change Component Designator: OldDesignator=C11 NewDesignator=C14
Change Component Designator: OldDesignator=C12 NewDesignator=C15
Change Component Designator: OldDesignator=C13 NewDesignator=C16
Change Component Designator: OldDesignator=C14 NewDesignator=C17
Change Component Designator: OldDesignator=C15 NewDesignator=C18
Change Component Designator: OldDesignator=C16 NewDesignator=C19
Change Component Designator: OldDesignator=C17 NewDesignator=C20
Change Component Designator: OldDesignator=C18 NewDesignator=C21
Change Component Designator: OldDesignator=C19 NewDesignator=C22
Change Component Designator: OldDesignator=C20 NewDesignator=C23
Change Component Designator: OldDesignator=C21 NewDesignator=C24
Change Component Designator: OldDesignator=C22 NewDesignator=C25
Change Component Designator: OldDesignator=C23 NewDesignator=C26
Change Component Designator: OldDesignator=C24 NewDesignator=C27
Change Component Designator: OldDesignator=U4 NewDesignator=U5
Change Component Designator: OldDesignator=U5 NewDesignator=U6
Change Component Designator: OldDesignator=U6 NewDesignator=U7
Change Component Designator: OldDesignator=U7 NewDesignator=U8
Change Component Designator: OldDesignator=U8 NewDesignator=U9
Added Component: Designator=C7(SM-0805)
Add component. Clean all parameters for all variants
Add component (AddParameter): Name = "Value"; Value = "103"; VariantName = "[No Variations]"
Added Component: Designator=C8(SM-0805)
Add component. Clean all parameters for all variants
Add component (AddParameter): Name = "Value"; Value = "103"; VariantName = "[No Variations]"
Added Component: Designator=C9(SM-0805)
Add component. Clean all parameters for all variants
Add component (AddParameter): Name = "Value"; Value = "103"; VariantName = "[No Variations]"
Added Component: Designator=U4(SOT 223)
Add component. Clean all parameters for all variants
Added Pin To Net: NetName=GND Pin=C7-1
Added Pin To Net: NetName=GND Pin=C7-2
Added Pin To Net: NetName=3V3 Pin=C8-1
Added Pin To Net: NetName=GND Pin=C8-2
Added Pin To Net: NetName=3V3 Pin=C9-1
Added Pin To Net: NetName=GND Pin=C9-2
Added Pin To Net: NetName=GND Pin=U4-1
Added Pin To Net: NetName=3V3 Pin=U4-2
Added Pin To Net: NetName=GND Pin=U4-3
Change Net Name : Old Net Name=NetC8_1 New Net Name=NetC11_1
Change Net Name : Old Net Name=NetC9_1 New Net Name=NetC12_1
Change Net Name : Old Net Name=NetC10_2 New Net Name=NetC13_2
Change Net Name : Old Net Name=NetC11_2 New Net Name=NetC14_2
Change Net Name : Old Net Name=NetC12_1 New Net Name=NetC15_1
Change Net Name : Old Net Name=NetC13_1 New Net Name=NetC16_1
Change Net Name : Old Net Name=NetC16_1 New Net Name=NetC19_1
Change Net Name : Old Net Name=NetC17_1 New Net Name=NetC20_1
Change Net Name : Old Net Name=NetC19_19 New Net Name=NetC22_19
Change Net Name : Old Net Name=NetU5_5 New Net Name=NetU6_5
Change Net Name : Old Net Name=NetU5_6 New Net Name=NetU6_6
Added Member To Class: ClassName=PCB_KIT_89S52_OBIT Member=Component C10 CN-ALU-SMD
Added Member To Class: ClassName=PCB_KIT_89S52_OBIT Member=Component C11 22p
Added Member To Class: ClassName=PCB_KIT_89S52_OBIT Member=Component C25 104
Added Member To Class: ClassName=PCB_KIT_89S52_OBIT Member=Component C26 104
Added Member To Class: ClassName=PCB_KIT_89S52_OBIT Member=Component C27 104
Added Member To Class: ClassName=PCB_KIT_89S52_OBIT Member=Component IC1 24Cxx
Added Member To Class: ClassName=PCB_KIT_89S52_OBIT Member=Component R5 1k
Added Member To Class: ClassName=PCB_KIT_89S52_OBIT Member=Component R6 1k
Added Member To Class: ClassName=PCB_KIT_89S52_OBIT Member=Component S3 partNo
Added Member To Class: ClassName=PCB_KIT_89S52_OBIT Member=Component S4 partNo
Added Member To Class: ClassName=PCB_KIT_89S52_OBIT Member=Component U9 AMS1117
Added Room: Name=PCB_KIT_89S52_OBIT
