Removed Pin From Net: NetName=D5 Pin=C20-5
Removed Pin From Net: NetName=D5 Pin=DS1-1
Removed Pin From Net: NetName=D Pin=DS1-2
Removed Pin From Net: NetName=H Pin=DS1-3
Removed Pin From Net: NetName=D7 Pin=DS1-5
Removed Pin From Net: NetName=D6 Pin=DS1-10
Removed Pin From Net: NetName=D5 Pin=IC3-5
Removed Pin From Net: NetName=D6 Pin=LCD1-13
Removed Pin From Net: NetName=D7 Pin=LCD1-14
Removed Pin From Net: NetName=D Pin=R17-4
Removed Pin From Net: NetName=D5 Pin=R18-1
Removed Pin From Net: NetName=D6 Pin=R18-2
Removed Pin From Net: NetName=D7 Pin=R18-3
Removed Pin From Net: NetName=H Pin=R18-4
Change Component Footprint: Designator=IDE_1 Old Footprint=CABLE 10 New Footprint=HDR2X5
Change Component Footprint: Designator=IR1 Old Footprint=IR_RECEIVER_V2 New Footprint=IR2
Change Component Footprint: Designator=U7 Old Footprint=JP6-C1T New Footprint=MODULE HC-05
Change Component Footprint: Designator=IC1 Old Footprint=SOP8 New Footprint=DIP8/W0.3
Added Pin To Net: NetName=D5 Pin=C20-3
Added Pin To Net: NetName=D Pin=DS1-1
Added Pin To Net: NetName=D6 Pin=DS1-4
Added Pin To Net: NetName=D7 Pin=DS1-7
Added Pin To Net: NetName=D5 Pin=DS1-10
Added Pin To Net: NetName=H Pin=DS1-11
Added Pin To Net: NetName=D5 Pin=IC3-3
Added Pin To Net: NetName=D7 Pin=LCD1-4
Added Pin To Net: NetName=D6 Pin=LCD1-5
Added Pin To Net: NetName=H Pin=R17-1
Added Pin To Net: NetName=D7 Pin=R17-2
Added Pin To Net: NetName=D6 Pin=R17-3
Added Pin To Net: NetName=D Pin=R18-1
Added Pin To Net: NetName=D5 Pin=R18-2
Change Net Name : Old Net Name=D6 New Net Name=C
Change Net Name : Old Net Name=D7 New Net Name=B
Change Net Name : Old Net Name=D New Net Name=D4
Change Net Name : Old Net Name=H New Net Name=A
Added Pin To Net: NetName=D6 Pin=C20-2
Added Pin To Net: NetName=D6 Pin=DS1-5
Added Pin To Net: NetName=D6 Pin=IC3-2
Added Pin To Net: NetName=D6 Pin=LCD1-13
Added Pin To Net: NetName=D6 Pin=R18-3
Added Net: Name=D6
Added Pin To Net: NetName=D7 Pin=C20-1
Added Pin To Net: NetName=D7 Pin=DS1-3
Added Pin To Net: NetName=D7 Pin=IC3-1
Added Pin To Net: NetName=D7 Pin=LCD1-14
Added Pin To Net: NetName=D7 Pin=R18-4
Added Net: Name=D7
Added Pin To Net: NetName=D Pin=C20-5
Added Pin To Net: NetName=D Pin=DS1-2
Added Pin To Net: NetName=D Pin=IC3-5
Added Pin To Net: NetName=D Pin=LCD1-6
Added Pin To Net: NetName=D Pin=R17-4
Added Net: Name=D
Added Room: Name=PCB_KIT_89S52_OBIT
