Removed Pin From Net: NetName=NetC11_1 Pin=X1-1
Removed Pin From Net: NetName=NetC12_1 Pin=X1-2
Change Component Footprint: Designator=U5 Old Footprint=SO8 New Footprint=SOP 8
Added Component: Designator=C11(SM-0805)
Add component. Clean all parameters for all variants
Add component (AddParameter): Name = "Value"; Value = "103"; VariantName = "[No Variations]"
Added Component: Designator=C12(SM-0805)
Add component. Clean all parameters for all variants
Add component (AddParameter): Name = "Value"; Value = "103"; VariantName = "[No Variations]"
Added Component: Designator=DIO3(DIO-SMD-106)
Add component. Clean all parameters for all variants
Add component (AddParameter): Name = "Code - JEDEC"; Value = "DO-214-AB"; VariantName = "[No Variations]"
Add component (AddParameter): Name = "Published"; Value = "8-Jun-2000"; VariantName = "[No Variations]"
Add component (AddParameter): Name = "Publisher"; Value = "Altium Limited"; VariantName = "[No Variations]"
Add component (AddParameter): Name = "Revision"; Value = "July-2002: Re-released for DXP Platform."; VariantName = "[No Variations]"
Add component (AddParameter): Name = "Value"; Value = "1N5007"; VariantName = "[No Variations]"
Added Pin To Net: NetName=NetC11_1 Pin=C11-1
Added Pin To Net: NetName=GND Pin=C11-2
Added Pin To Net: NetName=NetC12_1 Pin=C12-1
Added Pin To Net: NetName=GND Pin=C12-2
Added Pin To Net: NetName=NetC13_2 Pin=DIO3-1
Added Pin To Net: NetName=VCC Pin=DIO3-2
Added Pin To Net: NetName=NetC12_1 Pin=X1-1
Added Pin To Net: NetName=NetC11_1 Pin=X1-2
Added Member To Class: ClassName=PCB_KIT_89S52_OBIT Member=Component C11 22p
Added Member To Class: ClassName=PCB_KIT_89S52_OBIT Member=Component C12 22p
Added Member To Class: ClassName=PCB_KIT_89S52_OBIT Member=Component DIO3 Diode SMD
Added Room: Name=PCB_KIT_89S52_OBIT
