Removed Pin From Net: NetName=89_RX Pin=C17-9
Removed Pin From Net: NetName=89_TX Pin=C17-10
Removed Pin From Net: NetName=IRQ Pin=C17-11
Removed Pin From Net: NetName=P3.3 Pin=C17-12
Removed Pin From Net: NetName=DOWN Pin=C17-13
Removed Pin From Net: NetName=LEFT Pin=C17-14
Removed Pin From Net: NetName=P3.6 Pin=C17-15
Removed Pin From Net: NetName=OK Pin=C17-16
Removed Pin From Net: NetName=P2.7 Pin=C17-25
Removed Pin From Net: NetName=P2.6 Pin=C17-26
Removed Pin From Net: NetName=IR_OUT Pin=C17-27
Removed Pin From Net: NetName=DS18B20 Pin=C17-28
Removed Pin From Net: NetName=P2.3 Pin=C17-29
Removed Pin From Net: NetName=P2.2 Pin=C17-30
Removed Pin From Net: NetName=P2.1 Pin=C17-31
Removed Pin From Net: NetName=P2.0 Pin=C17-32
Added Pin To Net: NetName=OK Pin=C17-9
Added Pin To Net: NetName=P3.6 Pin=C17-10
Added Pin To Net: NetName=LEFT Pin=C17-11
Added Pin To Net: NetName=DOWN Pin=C17-12
Added Pin To Net: NetName=P3.3 Pin=C17-13
Added Pin To Net: NetName=IRQ Pin=C17-14
Added Pin To Net: NetName=89_TX Pin=C17-15
Added Pin To Net: NetName=89_RX Pin=C17-16
Added Pin To Net: NetName=P2.0 Pin=C17-25
Added Pin To Net: NetName=P2.1 Pin=C17-26
Added Pin To Net: NetName=P2.2 Pin=C17-27
Added Pin To Net: NetName=P2.3 Pin=C17-28
Added Pin To Net: NetName=DS18B20 Pin=C17-29
Added Pin To Net: NetName=IR_OUT Pin=C17-30
Added Pin To Net: NetName=P2.6 Pin=C17-31
Added Pin To Net: NetName=P2.7 Pin=C17-32
Added Room: Name=PCB_KIT_89S52_OBIT
