Removed Pin From Net: NetName=D4 Pin=DS1-1
Removed Pin From Net: NetName=D Pin=DS1-2
Removed Pin From Net: NetName=D7 Pin=DS1-3
Removed Pin From Net: NetName=C Pin=DS1-4
Removed Pin From Net: NetName=D6 Pin=DS1-5
Removed Pin From Net: NetName=LED1 Pin=DS1-6
Removed Pin From Net: NetName=B Pin=DS1-7
Removed Pin From Net: NetName=LED2 Pin=DS1-8
Removed Pin From Net: NetName=LED3 Pin=DS1-9
Removed Pin From Net: NetName=D5 Pin=DS1-10
Removed Pin From Net: NetName=A Pin=DS1-11
Removed Pin From Net: NetName=LED4 Pin=DS1-12
Removed Pin From Net: NetName=VCC Pin=IR1-2
Removed Pin From Net: NetName=GND Pin=IR1-3
Removed Pin From Net: NetName=3V3 Pin=U4-4
Change Component Comment : Designator=USB1 Old Comment=USB_Mini New Comment=USB_M
Change Component Designator: OldDesignator=C13 NewDesignator=C14
Change Component Designator: OldDesignator=C14 NewDesignator=C15
Change Component Designator: OldDesignator=C15 NewDesignator=C16
Change Component Designator: OldDesignator=C16 NewDesignator=C17
Change Component Designator: OldDesignator=C17 NewDesignator=C18
Change Component Designator: OldDesignator=C18 NewDesignator=C19
Change Component Designator: OldDesignator=C19 NewDesignator=C20
Change Component Designator: OldDesignator=C20 NewDesignator=C21
Change Component Designator: OldDesignator=C21 NewDesignator=C22
Change Component Designator: OldDesignator=C22 NewDesignator=C23
Change Component Designator: OldDesignator=C23 NewDesignator=C24
Change Component Designator: OldDesignator=C24 NewDesignator=C25
Change Component Designator: OldDesignator=C25 NewDesignator=C26
Added Component: Designator=Q3(SOT23-321)
Add component. Clean all parameters for all variants
Add component (AddParameter): Name = ""; Value = "A1013"; VariantName = "[No Variations]"
Add component (AddParameter): Name = "Value"; Value = "A1015"; VariantName = "[No Variations]"
Added Component: Designator=Q4(SOT23-321)
Add component. Clean all parameters for all variants
Add component (AddParameter): Name = ""; Value = "A1013"; VariantName = "[No Variations]"
Add component (AddParameter): Name = "Value"; Value = "A1015"; VariantName = "[No Variations]"
Added Component: Designator=Q5(SOT23-321)
Add component. Clean all parameters for all variants
Add component (AddParameter): Name = ""; Value = "A1013"; VariantName = "[No Variations]"
Add component (AddParameter): Name = "Value"; Value = "A1015"; VariantName = "[No Variations]"
Added Component: Designator=Q6(SOT23-321)
Add component. Clean all parameters for all variants
Add component (AddParameter): Name = ""; Value = "A1013"; VariantName = "[No Variations]"
Add component (AddParameter): Name = "Value"; Value = "A1015"; VariantName = "[No Variations]"
Added Pin To Net: NetName=GND Pin=IR1-2
Added Pin To Net: NetName=VCC Pin=IR1-3
Added Pin To Net: NetName=VCC Pin=Q3-1
Added Pin To Net: NetName=LED1 Pin=Q3-3
Added Pin To Net: NetName=VCC Pin=Q4-1
Added Pin To Net: NetName=LED2 Pin=Q4-3
Added Pin To Net: NetName=VCC Pin=Q5-1
Added Pin To Net: NetName=LED3 Pin=Q5-3
Added Pin To Net: NetName=VCC Pin=Q6-1
Added Pin To Net: NetName=LED4 Pin=Q6-3
Change Net Name : Old Net Name=NetC13_2 New Net Name=NetC14_2
Change Net Name : Old Net Name=NetC14_2 New Net Name=NetC15_2
Change Net Name : Old Net Name=NetC15_1 New Net Name=NetC16_1
Change Net Name : Old Net Name=NetC16_1 New Net Name=NetC17_1
Change Net Name : Old Net Name=NetC17_1 New Net Name=NetC18_1
Change Net Name : Old Net Name=NetC18_1 New Net Name=NetC19_1
Added Pin To Net: NetName=NetC13_2 Pin=U6-4
Added Net: Name=NetC13_2
Added Pin To Net: NetName=NetDS1_1 Pin=DS1-1
Added Net: Name=NetDS1_1
Added Pin To Net: NetName=NetDS1_2 Pin=DS1-2
Added Net: Name=NetDS1_2
Added Pin To Net: NetName=NetDS1_3 Pin=DS1-3
Added Net: Name=NetDS1_3
Added Pin To Net: NetName=NetDS1_4 Pin=DS1-4
Added Net: Name=NetDS1_4
Added Pin To Net: NetName=NetDS1_5 Pin=DS1-5
Added Net: Name=NetDS1_5
Added Pin To Net: NetName=NetDS1_6 Pin=DS1-6
Added Pin To Net: NetName=NetDS1_6 Pin=Q6-2
Added Net: Name=NetDS1_6
Added Pin To Net: NetName=NetDS1_7 Pin=DS1-7
Added Net: Name=NetDS1_7
Added Pin To Net: NetName=NetDS1_8 Pin=DS1-8
Added Pin To Net: NetName=NetDS1_8 Pin=Q5-2
Added Net: Name=NetDS1_8
Added Pin To Net: NetName=NetDS1_9 Pin=DS1-9
Added Pin To Net: NetName=NetDS1_9 Pin=Q4-2
Added Net: Name=NetDS1_9
Added Pin To Net: NetName=NetDS1_10 Pin=DS1-10
Added Net: Name=NetDS1_10
Added Pin To Net: NetName=NetDS1_11 Pin=DS1-11
Added Net: Name=NetDS1_11
Added Pin To Net: NetName=NetDS1_12 Pin=DS1-12
Added Pin To Net: NetName=NetDS1_12 Pin=Q3-2
Added Net: Name=NetDS1_12
Added Member To Class: ClassName=PCB_KIT_89S52_OBIT Member=Component C26 104
Added Member To Class: ClassName=PCB_KIT_89S52_OBIT Member=Component Q3 2SA1015
Added Member To Class: ClassName=PCB_KIT_89S52_OBIT Member=Component Q4 2SA1015
Added Member To Class: ClassName=PCB_KIT_89S52_OBIT Member=Component Q5 2SA1015
Added Member To Class: ClassName=PCB_KIT_89S52_OBIT Member=Component Q6 2SA1015
Added Room: Name=PCB_KIT_89S52_OBIT
