Removed Pin From Net: NetName=VCC Pin=C17-1
Removed Pin From Net: NetName=GND Pin=C17-2
Removed Pin From Net: NetName=3V3 Pin=C18-1
Removed Pin From Net: NetName=GND Pin=C18-2
Removed Pin From Net: NetName=GND Pin=U9-1
Removed Pin From Net: NetName=3V3 Pin=U9-2
Removed Pin From Net: NetName=VCC Pin=U9-3
Removed Member From Class: ClassName=PCB_KIT_89S52_OBIT Member=C26
Removed Member From Class: ClassName=PCB_KIT_89S52_OBIT Member=C27
Removed Member From Class: ClassName=PCB_KIT_89S52_OBIT Member=U9
Change Component Designator: OldDesignator=C19 NewDesignator=C17
Change Component Designator: OldDesignator=C20 NewDesignator=C18
Change Component Designator: OldDesignator=C21 NewDesignator=C19
Change Component Designator: OldDesignator=C22 NewDesignator=C20
Change Component Designator: OldDesignator=C23 NewDesignator=C21
Change Component Designator: OldDesignator=C24 NewDesignator=C22
Change Component Designator: OldDesignator=C25 NewDesignator=C23
Change Component Designator: OldDesignator=C26 NewDesignator=C24
Change Component Designator: OldDesignator=C27 NewDesignator=C25
Change Net Name : Old Net Name=NetC19_1 New Net Name=NetC17_1
Change Net Name : Old Net Name=NetC20_1 New Net Name=NetC18_1
Change Net Name : Old Net Name=NetC22_19 New Net Name=NetC20_19
Added Member To Class: ClassName=PCB_KIT_89S52_OBIT Member=Component C7 104
Added Member To Class: ClassName=PCB_KIT_89S52_OBIT Member=Component C8 104
Added Member To Class: ClassName=PCB_KIT_89S52_OBIT Member=Component C9 104
Added Member To Class: ClassName=PCB_KIT_89S52_OBIT Member=Component U4 AMS1117
Added Room: Name=PCB_KIT_89S52_OBIT
