Change Component Designator: Old Designator=C2 New Designator=C3
Change Component Designator: Old Designator=C3 New Designator=C4
Change Component Designator: Old Designator=C3 New Designator=C5
Change Component Designator: Old Designator=C4 New Designator=C6
Change Component Designator: Old Designator=C4 New Designator=C8
Change Component Designator: Old Designator=C5 New Designator=C9
Change Component Designator: Old Designator=C6 New Designator=C10
Change Component Designator: Old Designator=C7 New Designator=C11
Change Component Designator: Old Designator=C8 New Designator=C12
Change Component Designator: Old Designator=C9 New Designator=C13
Change Component Designator: Old Designator=C10 New Designator=C14
Change Component Designator: Old Designator=C11 New Designator=C15
Change Component Designator: Old Designator=C12 New Designator=C16
Change Component Designator: Old Designator=C13 New Designator=C18
Change Component Designator: Old Designator=C14 New Designator=C19
Change Component Designator: Old Designator=C15 New Designator=C20
Change Component Designator: Old Designator=C16 New Designator=C21
Change Component Designator: Old Designator=C17 New Designator=C22
Change Component Designator: Old Designator=C? New Designator=C2
Change Component Designator: Old Designator=C? New Designator=C7
Change Component Designator: Old Designator=C? New Designator=C17
Change Component Designator: Old Designator=DIO1 New Designator=DIO2
Change Component Designator: Old Designator=DIO2 New Designator=DIO1
Change Component Designator: Old Designator=IC1 New Designator=IC2
Change Component Designator: Old Designator=IC? New Designator=IC1
Change Component Designator: Old Designator=JDC New Designator=JDC1
Change Component Designator: Old Designator=LED2 New Designator=LED3
Change Component Designator: Old Designator=LED3 New Designator=LED4
Change Component Designator: Old Designator=LED4 New Designator=LED5
Change Component Designator: Old Designator=LED5 New Designator=LED6
Change Component Designator: Old Designator=LED6 New Designator=LED7
Change Component Designator: Old Designator=LED7 New Designator=LED8
Change Component Designator: Old Designator=LED8 New Designator=LED9
Change Component Designator: Old Designator=LED9 New Designator=LED10
Change Component Designator: Old Designator=LED10 New Designator=LED11
Change Component Designator: Old Designator=R3 New Designator=R4
Change Component Designator: Old Designator=R4 New Designator=R5
Change Component Designator: Old Designator=R5 New Designator=R6
Change Component Designator: Old Designator=R6 New Designator=R7
Change Component Designator: Old Designator=R7 New Designator=R8
